INFO:     Started server process [68117]
INFO:     Waiting for application startup.
[app.services.scheduler] Scheduler started with 30 minutes interval
INFO:     Application startup complete.
INFO:     Uvicorn running on http://0.0.0.0:8080 (Press CTRL+C to quit)
[HTML] Missing selectors for 工信部官网, skipping
[app.services.scheduler] Processed 0 events for 人工智能 from 工信部官网
[HTML] Missing selectors for 国家发改委, skipping
[app.services.scheduler] Processed 0 events for 人工智能 from 国家发改委
[HTML] Missing selectors for 证监会披露, skipping
[app.services.scheduler] Processed 0 events for 人工智能 from 证监会披露
INFO:     127.0.0.1:61959 - "POST /api/timeline/generate HTTP/1.1" 200 OK
[app.services.scheduler] Processed 0 events for 人工智能 from 36Kr
[app.services.scheduler] Processed 0 events for 人工智能 from 虎嗅
[app.services.scheduler] Processed 0 events for 人工智能 from 财新网
[app.services.scheduler] Processed 0 events for 人工智能 from 第一财经
[app.services.scheduler] Processed 0 events for 人工智能 from 经济观察报
[app.services.scheduler] Processed 0 events for 人工智能 from 澎湃新闻
[app.services.scheduler] Processed 0 events for 人工智能 from arXiv
[app.services.scheduler] Processed 0 events for 人工智能 from Google Scholar
[app.services.scheduler] Processed 0 events for 人工智能 from 中国知网
[RSS] HTTP 301 for Twitter/X
[app.services.scheduler] Processed 0 events for 人工智能 from Twitter/X
[app.services.scheduler] Processed 0 events for 人工智能 from 微信公众号
[app.services.scheduler] Processed 0 events for 人工智能 from 国家统计局
[app.services.scheduler] Processed 0 events for 人工智能 from 天眼查
[app.services.scheduler] Processed 0 events for 人工智能 from 东方财富
[HTML] Missing selectors for 工信部官网, skipping
[app.services.scheduler] Processed 0 events for 元宇宙 from 工信部官网
[HTML] Missing selectors for 国家发改委, skipping
[app.services.scheduler] Processed 0 events for 元宇宙 from 国家发改委
[HTML] Missing selectors for 证监会披露, skipping
[app.services.scheduler] Processed 0 events for 元宇宙 from 证监会披露
[app.services.scheduler] Processed 0 events for 元宇宙 from 36Kr
[app.services.scheduler] Processed 0 events for 元宇宙 from 虎嗅
[app.services.scheduler] Processed 0 events for 元宇宙 from 财新网
[app.services.scheduler] Processed 0 events for 元宇宙 from 第一财经
[app.services.scheduler] Processed 0 events for 元宇宙 from 经济观察报
[app.services.scheduler] Processed 0 events for 元宇宙 from 澎湃新闻
[app.services.scheduler] Processed 0 events for 元宇宙 from arXiv
INFO:     127.0.0.1:62071 - "POST /api/timeline/generate HTTP/1.1" 200 OK
[app.services.scheduler] Processed 0 events for 元宇宙 from Google Scholar
[app.services.scheduler] Processed 0 events for 元宇宙 from 中国知网
[RSS] HTTP 301 for Twitter/X
[app.services.scheduler] Processed 0 events for 元宇宙 from Twitter/X
[app.services.scheduler] Processed 0 events for 元宇宙 from 微信公众号
[app.services.scheduler] Processed 0 events for 元宇宙 from 国家统计局
[app.services.scheduler] Processed 0 events for 元宇宙 from 天眼查
[app.services.scheduler] Processed 0 events for 元宇宙 from 东方财富
[HTML] Missing selectors for 工信部官网, skipping
[app.services.scheduler] Processed 0 events for 医疗健康 from 工信部官网
[HTML] Missing selectors for 国家发改委, skipping
[app.services.scheduler] Processed 0 events for 医疗健康 from 国家发改委
[HTML] Missing selectors for 证监会披露, skipping
[app.services.scheduler] Processed 0 events for 医疗健康 from 证监会披露
[app.services.scheduler] Processed 0 events for 医疗健康 from 36Kr
[app.services.scheduler] Processed 0 events for 医疗健康 from 虎嗅
[app.services.scheduler] Processed 0 events for 医疗健康 from 财新网
[app.services.scheduler] Processed 0 events for 医疗健康 from 第一财经
[app.services.scheduler] Processed 0 events for 医疗健康 from 经济观察报
[app.services.scheduler] Processed 0 events for 医疗健康 from 澎湃新闻
[app.services.scheduler] Processed 0 events for 医疗健康 from arXiv
[app.services.scheduler] Processed 0 events for 医疗健康 from Google Scholar
[app.services.scheduler] Processed 0 events for 医疗健康 from 中国知网
[RSS] HTTP 301 for Twitter/X
[app.services.scheduler] Processed 0 events for 医疗健康 from Twitter/X
[app.services.scheduler] Processed 0 events for 医疗健康 from 微信公众号
[app.services.scheduler] Processed 0 events for 医疗健康 from 国家统计局
[app.services.scheduler] Processed 0 events for 医疗健康 from 天眼查
[app.services.scheduler] Processed 0 events for 医疗健康 from 东方财富
[HTML] Missing selectors for 工信部官网, skipping
[app.services.scheduler] Processed 0 events for 半导体 from 工信部官网
[HTML] Missing selectors for 国家发改委, skipping
[app.services.scheduler] Processed 0 events for 半导体 from 国家发改委
[HTML] Missing selectors for 证监会披露, skipping
[app.services.scheduler] Processed 0 events for 半导体 from 证监会披露
[app.services.scheduler] Processed 0 events for 半导体 from 36Kr
[app.services.scheduler] Processed 0 events for 半导体 from 虎嗅
[app.services.scheduler] Processed 0 events for 半导体 from 财新网
[app.services.scheduler] Processed 0 events for 半导体 from 第一财经
[app.services.scheduler] Processed 0 events for 半导体 from 经济观察报
[app.services.scheduler] Processed 0 events for 半导体 from 澎湃新闻
[app.services.scheduler] Processed 0 events for 半导体 from arXiv
[app.services.scheduler] Processed 0 events for 半导体 from Google Scholar
[app.services.scheduler] Processed 0 events for 半导体 from 中国知网
[RSS] HTTP 301 for Twitter/X
[app.services.scheduler] Processed 0 events for 半导体 from Twitter/X
[app.services.scheduler] Processed 0 events for 半导体 from 微信公众号
[app.services.scheduler] Processed 0 events for 半导体 from 国家统计局
[app.services.scheduler] Processed 0 events for 半导体 from 天眼查
[app.services.scheduler] Processed 0 events for 半导体 from 东方财富
[HTML] Missing selectors for 工信部官网, skipping
[app.services.scheduler] Processed 0 events for 新材料 from 工信部官网
[HTML] Missing selectors for 国家发改委, skipping
[app.services.scheduler] Processed 0 events for 新材料 from 国家发改委
[HTML] Missing selectors for 证监会披露, skipping
[app.services.scheduler] Processed 0 events for 新材料 from 证监会披露
[app.services.scheduler] Processed 0 events for 新材料 from 36Kr
[app.services.scheduler] Processed 0 events for 新材料 from 虎嗅
[app.services.scheduler] Processed 0 events for 新材料 from 财新网
[app.services.scheduler] Processed 0 events for 新材料 from 第一财经
[app.services.scheduler] Processed 0 events for 新材料 from 经济观察报
[app.services.scheduler] Processed 0 events for 新材料 from 澎湃新闻
[app.services.scheduler] Processed 0 events for 新材料 from arXiv
[app.services.scheduler] Processed 0 events for 新材料 from Google Scholar
[app.services.scheduler] Processed 0 events for 新材料 from 中国知网
[RSS] HTTP 301 for Twitter/X
[app.services.scheduler] Processed 0 events for 新材料 from Twitter/X
[app.services.scheduler] Processed 0 events for 新材料 from 微信公众号
[app.services.scheduler] Processed 0 events for 新材料 from 国家统计局
[app.services.scheduler] Processed 0 events for 新材料 from 天眼查
[app.services.scheduler] Processed 0 events for 新材料 from 东方财富
[HTML] Missing selectors for 工信部官网, skipping
[app.services.scheduler] Processed 0 events for 新能源汽车 from 工信部官网
[HTML] Missing selectors for 国家发改委, skipping
[app.services.scheduler] Processed 0 events for 新能源汽车 from 国家发改委
[HTML] Missing selectors for 证监会披露, skipping
[app.services.scheduler] Processed 0 events for 新能源汽车 from 证监会披露
[app.services.scheduler] Processed 0 events for 新能源汽车 from 36Kr
[app.services.scheduler] Processed 0 events for 新能源汽车 from 虎嗅
[app.services.scheduler] Processed 0 events for 新能源汽车 from 财新网
[app.services.scheduler] Processed 0 events for 新能源汽车 from 第一财经
[app.services.scheduler] Processed 0 events for 新能源汽车 from 经济观察报
[app.services.scheduler] Processed 0 events for 新能源汽车 from 澎湃新闻
[app.services.scheduler] Processed 0 events for 新能源汽车 from arXiv
[app.services.scheduler] Processed 0 events for 新能源汽车 from Google Scholar
[app.services.scheduler] Processed 0 events for 新能源汽车 from 中国知网
[RSS] HTTP 301 for Twitter/X
[app.services.scheduler] Processed 0 events for 新能源汽车 from Twitter/X
[app.services.scheduler] Processed 0 events for 新能源汽车 from 微信公众号
[app.services.scheduler] Processed 0 events for 新能源汽车 from 国家统计局
[app.services.scheduler] Processed 0 events for 新能源汽车 from 天眼查
[app.services.scheduler] Processed 0 events for 新能源汽车 from 东方财富
[HTML] Missing selectors for 工信部官网, skipping
[app.services.scheduler] Processed 0 events for 机器人 from 工信部官网
[HTML] Missing selectors for 国家发改委, skipping
[app.services.scheduler] Processed 0 events for 机器人 from 国家发改委
[HTML] Missing selectors for 证监会披露, skipping
[app.services.scheduler] Processed 0 events for 机器人 from 证监会披露
[app.services.scheduler] Processed 0 events for 机器人 from 36Kr
[app.services.scheduler] Processed 0 events for 机器人 from 虎嗅
[app.services.scheduler] Processed 0 events for 机器人 from 财新网
[app.services.scheduler] Processed 0 events for 机器人 from 第一财经
[app.services.scheduler] Processed 0 events for 机器人 from 经济观察报
[app.services.scheduler] Processed 0 events for 机器人 from 澎湃新闻
[app.services.scheduler] Processed 0 events for 机器人 from arXiv
[app.services.scheduler] Processed 0 events for 机器人 from Google Scholar
[app.services.scheduler] Processed 0 events for 机器人 from 中国知网
[RSS] HTTP 301 for Twitter/X
[app.services.scheduler] Processed 0 events for 机器人 from Twitter/X
[app.services.scheduler] Processed 0 events for 机器人 from 微信公众号
[app.services.scheduler] Processed 0 events for 机器人 from 国家统计局
[app.services.scheduler] Processed 0 events for 机器人 from 天眼查
[app.services.scheduler] Processed 0 events for 机器人 from 东方财富
[HTML] Missing selectors for 工信部官网, skipping
[app.services.scheduler] Processed 0 events for 生物医药 from 工信部官网
[HTML] Missing selectors for 国家发改委, skipping
[app.services.scheduler] Processed 0 events for 生物医药 from 国家发改委
[HTML] Missing selectors for 证监会披露, skipping
[app.services.scheduler] Processed 0 events for 生物医药 from 证监会披露
[app.services.scheduler] Processed 0 events for 生物医药 from 36Kr
[app.services.scheduler] Processed 0 events for 生物医药 from 虎嗅
[app.services.scheduler] Processed 0 events for 生物医药 from 财新网
[app.services.scheduler] Processed 0 events for 生物医药 from 第一财经
[app.services.scheduler] Processed 0 events for 生物医药 from 经济观察报
[app.services.scheduler] Processed 0 events for 生物医药 from 澎湃新闻
[app.services.scheduler] Processed 0 events for 生物医药 from arXiv
[app.services.scheduler] Processed 0 events for 生物医药 from Google Scholar
[app.services.scheduler] Processed 0 events for 生物医药 from 中国知网
[RSS] HTTP 301 for Twitter/X
[app.services.scheduler] Processed 0 events for 生物医药 from Twitter/X
[app.services.scheduler] Processed 0 events for 生物医药 from 微信公众号
[app.services.scheduler] Processed 0 events for 生物医药 from 国家统计局
[app.services.scheduler] Processed 0 events for 生物医药 from 天眼查
[app.services.scheduler] Processed 0 events for 生物医药 from 东方财富
INFO:     127.0.0.1:63199 - "POST /api/timeline/generate HTTP/1.1" 200 OK
INFO:     127.0.0.1:63388 - "POST /api/timeline/generate HTTP/1.1" 200 OK
INFO:     Shutting down
INFO:     Waiting for application shutdown.
[app.services.scheduler] Scheduler stopped
INFO:     Application shutdown complete.
INFO:     Finished server process [68117]
