2026-04-29 22:47:00,748 - app.services.scheduler - INFO - Scheduler started with 30 minutes interval
2026-04-29 22:47:00,769 - app.services.scheduler - ERROR - Error crawling 人工智能/工信部官网: No module named 'bs4'
2026-04-29 22:47:00,770 - app.services.scheduler - ERROR - Error crawling 人工智能/国家发改委: No module named 'bs4'
2026-04-29 22:47:00,771 - app.services.scheduler - ERROR - Error crawling 人工智能/证监会披露: No module named 'bs4'
2026-04-29 22:47:01,004 - app.services.scheduler - INFO - Processed 0 events for 人工智能 from 36Kr
2026-04-29 22:47:01,240 - app.services.scheduler - INFO - Processed 0 events for 人工智能 from 虎嗅
2026-04-29 22:47:01,331 - app.services.scheduler - INFO - Processed 0 events for 人工智能 from 财新网
2026-04-29 22:47:01,794 - app.services.scheduler - INFO - Processed 0 events for 人工智能 from 第一财经
2026-04-29 22:47:02,073 - app.services.scheduler - INFO - Processed 0 events for 人工智能 from 经济观察报
2026-04-29 22:47:02,222 - app.services.scheduler - INFO - Processed 0 events for 人工智能 from 澎湃新闻
2026-04-29 22:47:02,571 - app.services.scheduler - INFO - Processed 0 events for 人工智能 from arXiv
2026-04-29 22:47:32,630 - app.services.scheduler - INFO - Processed 0 events for 人工智能 from Google Scholar
2026-04-29 22:47:33,410 - app.services.scheduler - INFO - Processed 0 events for 人工智能 from 中国知网
2026-04-29 22:47:48,871 - app.services.scheduler - INFO - Processed 0 events for 人工智能 from Twitter/X
2026-04-29 22:47:49,155 - app.services.scheduler - INFO - Processed 0 events for 人工智能 from 微信公众号
2026-04-29 22:47:49,553 - app.services.scheduler - INFO - Processed 0 events for 人工智能 from 国家统计局
2026-04-29 22:47:49,834 - app.services.scheduler - INFO - Processed 0 events for 人工智能 from 天眼查
2026-04-29 22:47:50,364 - app.services.scheduler - INFO - Processed 0 events for 人工智能 from 东方财富
2026-04-29 22:47:50,366 - app.services.scheduler - ERROR - Error crawling 元宇宙/工信部官网: No module named 'bs4'
2026-04-29 22:47:50,367 - app.services.scheduler - ERROR - Error crawling 元宇宙/国家发改委: No module named 'bs4'
2026-04-29 22:47:50,367 - app.services.scheduler - ERROR - Error crawling 元宇宙/证监会披露: No module named 'bs4'
2026-04-29 22:47:50,538 - app.services.scheduler - INFO - Processed 0 events for 元宇宙 from 36Kr
2026-04-29 22:47:50,767 - app.services.scheduler - INFO - Processed 0 events for 元宇宙 from 虎嗅
2026-04-29 22:47:50,851 - app.services.scheduler - INFO - Processed 0 events for 元宇宙 from 财新网
2026-04-29 22:47:51,241 - app.services.scheduler - INFO - Processed 0 events for 元宇宙 from 第一财经
2026-04-29 22:47:51,579 - app.services.scheduler - INFO - Processed 0 events for 元宇宙 from 经济观察报
2026-04-29 22:47:51,740 - app.services.scheduler - INFO - Processed 0 events for 元宇宙 from 澎湃新闻
2026-04-29 22:47:53,214 - app.services.scheduler - INFO - Processed 0 events for 元宇宙 from arXiv
2026-04-29 22:48:23,250 - app.services.scheduler - INFO - Processed 0 events for 元宇宙 from Google Scholar
2026-04-29 22:48:24,075 - app.services.scheduler - INFO - Processed 0 events for 元宇宙 from 中国知网
2026-04-29 22:48:39,556 - app.services.scheduler - INFO - Processed 0 events for 元宇宙 from Twitter/X
2026-04-29 22:48:39,915 - app.services.scheduler - INFO - Processed 0 events for 元宇宙 from 微信公众号
2026-04-29 22:48:40,293 - app.services.scheduler - INFO - Processed 0 events for 元宇宙 from 国家统计局
2026-04-29 22:48:40,537 - app.services.scheduler - INFO - Processed 0 events for 元宇宙 from 天眼查
2026-04-29 22:48:40,957 - app.services.scheduler - INFO - Processed 0 events for 元宇宙 from 东方财富
2026-04-29 22:48:40,958 - app.services.scheduler - ERROR - Error crawling 医疗健康/工信部官网: No module named 'bs4'
2026-04-29 22:48:40,958 - app.services.scheduler - ERROR - Error crawling 医疗健康/国家发改委: No module named 'bs4'
2026-04-29 22:48:40,958 - app.services.scheduler - ERROR - Error crawling 医疗健康/证监会披露: No module named 'bs4'
2026-04-29 22:48:41,118 - app.services.scheduler - INFO - Processed 0 events for 医疗健康 from 36Kr
2026-04-29 22:48:41,353 - app.services.scheduler - INFO - Processed 0 events for 医疗健康 from 虎嗅
2026-04-29 22:48:41,493 - app.services.scheduler - INFO - Processed 0 events for 医疗健康 from 财新网
2026-04-29 22:48:41,872 - app.services.scheduler - INFO - Processed 0 events for 医疗健康 from 第一财经
2026-04-29 22:48:42,155 - app.services.scheduler - INFO - Processed 0 events for 医疗健康 from 经济观察报
2026-04-29 22:48:42,325 - app.services.scheduler - INFO - Processed 0 events for 医疗健康 from 澎湃新闻
2026-04-29 22:48:42,686 - app.services.scheduler - INFO - Processed 0 events for 医疗健康 from arXiv
2026-04-29 22:48:47,273 - app.services.scheduler - INFO - Scheduler stopped
2026-04-29 22:49:12,717 - app.services.scheduler - INFO - Processed 0 events for 医疗健康 from Google Scholar
2026-04-29 22:49:13,100 - app.services.scheduler - INFO - Processed 0 events for 医疗健康 from 中国知网
2026-04-29 22:49:29,863 - app.services.scheduler - INFO - Processed 0 events for 医疗健康 from Twitter/X
2026-04-29 22:49:30,127 - app.services.scheduler - INFO - Processed 0 events for 医疗健康 from 微信公众号
2026-04-29 22:49:30,490 - app.services.scheduler - INFO - Processed 0 events for 医疗健康 from 国家统计局
2026-04-29 22:49:30,749 - app.services.scheduler - INFO - Processed 0 events for 医疗健康 from 天眼查
2026-04-29 22:49:31,548 - app.services.scheduler - INFO - Processed 0 events for 医疗健康 from 东方财富
2026-04-29 22:49:31,549 - app.services.scheduler - ERROR - Error crawling 半导体/工信部官网: No module named 'bs4'
2026-04-29 22:49:31,550 - app.services.scheduler - ERROR - Error crawling 半导体/国家发改委: No module named 'bs4'
2026-04-29 22:49:31,550 - app.services.scheduler - ERROR - Error crawling 半导体/证监会披露: No module named 'bs4'
2026-04-29 22:49:31,715 - app.services.scheduler - INFO - Processed 0 events for 半导体 from 36Kr
2026-04-29 22:49:31,942 - app.services.scheduler - INFO - Processed 0 events for 半导体 from 虎嗅
2026-04-29 22:49:32,097 - app.services.scheduler - INFO - Processed 0 events for 半导体 from 财新网
2026-04-29 22:49:32,556 - app.services.scheduler - INFO - Processed 0 events for 半导体 from 第一财经
2026-04-29 22:49:32,867 - app.services.scheduler - INFO - Processed 0 events for 半导体 from 经济观察报
2026-04-29 22:49:33,189 - app.services.scheduler - INFO - Processed 0 events for 半导体 from 澎湃新闻
2026-04-29 22:49:33,946 - app.services.scheduler - INFO - Processed 0 events for 半导体 from arXiv
2026-04-29 22:50:03,973 - app.services.scheduler - INFO - Processed 0 events for 半导体 from Google Scholar
2026-04-29 22:50:04,548 - app.services.scheduler - INFO - Processed 0 events for 半导体 from 中国知网
2026-04-29 22:50:20,993 - app.services.scheduler - INFO - Processed 0 events for 半导体 from Twitter/X
2026-04-29 22:50:21,333 - app.services.scheduler - INFO - Processed 0 events for 半导体 from 微信公众号
2026-04-29 22:50:21,760 - app.services.scheduler - INFO - Processed 0 events for 半导体 from 国家统计局
2026-04-29 22:50:22,039 - app.services.scheduler - INFO - Processed 0 events for 半导体 from 天眼查
2026-04-29 22:50:22,544 - app.services.scheduler - INFO - Processed 0 events for 半导体 from 东方财富
2026-04-29 22:50:22,545 - app.services.scheduler - ERROR - Error crawling 新材料/工信部官网: No module named 'bs4'
2026-04-29 22:50:22,546 - app.services.scheduler - ERROR - Error crawling 新材料/国家发改委: No module named 'bs4'
2026-04-29 22:50:22,546 - app.services.scheduler - ERROR - Error crawling 新材料/证监会披露: No module named 'bs4'
2026-04-29 22:50:22,713 - app.services.scheduler - INFO - Processed 0 events for 新材料 from 36Kr
2026-04-29 22:50:22,938 - app.services.scheduler - INFO - Processed 0 events for 新材料 from 虎嗅
2026-04-29 22:50:23,053 - app.services.scheduler - INFO - Processed 0 events for 新材料 from 财新网
2026-04-29 22:50:23,485 - app.services.scheduler - INFO - Processed 0 events for 新材料 from 第一财经
2026-04-29 22:50:23,780 - app.services.scheduler - INFO - Processed 0 events for 新材料 from 经济观察报
2026-04-29 22:50:23,928 - app.services.scheduler - INFO - Processed 0 events for 新材料 from 澎湃新闻
2026-04-29 22:50:25,624 - app.services.scheduler - INFO - Processed 0 events for 新材料 from arXiv
2026-04-29 22:50:55,665 - app.services.scheduler - INFO - Processed 0 events for 新材料 from Google Scholar
2026-04-29 22:50:56,015 - app.services.scheduler - INFO - Processed 0 events for 新材料 from 中国知网
2026-04-29 22:51:11,463 - app.services.scheduler - INFO - Processed 0 events for 新材料 from Twitter/X
2026-04-29 22:51:11,762 - app.services.scheduler - INFO - Processed 0 events for 新材料 from 微信公众号
2026-04-29 22:51:12,129 - app.services.scheduler - INFO - Processed 0 events for 新材料 from 国家统计局
2026-04-29 22:51:12,538 - app.services.scheduler - INFO - Processed 0 events for 新材料 from 天眼查
2026-04-29 22:51:13,091 - app.services.scheduler - INFO - Processed 0 events for 新材料 from 东方财富
2026-04-29 22:51:13,092 - app.services.scheduler - ERROR - Error crawling 新能源汽车/工信部官网: No module named 'bs4'
2026-04-29 22:51:13,092 - app.services.scheduler - ERROR - Error crawling 新能源汽车/国家发改委: No module named 'bs4'
2026-04-29 22:51:13,093 - app.services.scheduler - ERROR - Error crawling 新能源汽车/证监会披露: No module named 'bs4'
2026-04-29 22:51:13,256 - app.services.scheduler - INFO - Processed 0 events for 新能源汽车 from 36Kr
2026-04-29 22:51:13,488 - app.services.scheduler - INFO - Processed 0 events for 新能源汽车 from 虎嗅
2026-04-29 22:51:13,619 - app.services.scheduler - INFO - Processed 0 events for 新能源汽车 from 财新网
2026-04-29 22:51:14,139 - app.services.scheduler - INFO - Processed 0 events for 新能源汽车 from 第一财经
2026-04-29 22:51:14,648 - app.services.scheduler - INFO - Processed 0 events for 新能源汽车 from 经济观察报
2026-04-29 22:51:14,835 - app.services.scheduler - INFO - Processed 0 events for 新能源汽车 from 澎湃新闻
2026-04-29 22:51:15,211 - app.services.scheduler - INFO - Processed 0 events for 新能源汽车 from arXiv
2026-04-29 22:51:45,247 - app.services.scheduler - INFO - Processed 0 events for 新能源汽车 from Google Scholar
2026-04-29 22:51:45,734 - app.services.scheduler - INFO - Processed 0 events for 新能源汽车 from 中国知网
2026-04-29 22:52:15,973 - app.services.scheduler - INFO - Processed 0 events for 新能源汽车 from Twitter/X
2026-04-29 22:52:16,267 - app.services.scheduler - INFO - Processed 0 events for 新能源汽车 from 微信公众号
2026-04-29 22:52:17,184 - app.services.scheduler - INFO - Processed 0 events for 新能源汽车 from 国家统计局
2026-04-29 22:52:17,424 - app.services.scheduler - INFO - Processed 0 events for 新能源汽车 from 天眼查
2026-04-29 22:52:17,834 - app.services.scheduler - INFO - Processed 0 events for 新能源汽车 from 东方财富
2026-04-29 22:52:17,835 - app.services.scheduler - ERROR - Error crawling 机器人/工信部官网: No module named 'bs4'
2026-04-29 22:52:17,835 - app.services.scheduler - ERROR - Error crawling 机器人/国家发改委: No module named 'bs4'
2026-04-29 22:52:17,836 - app.services.scheduler - ERROR - Error crawling 机器人/证监会披露: No module named 'bs4'
2026-04-29 22:52:17,988 - app.services.scheduler - INFO - Processed 0 events for 机器人 from 36Kr
2026-04-29 22:52:18,238 - app.services.scheduler - INFO - Processed 0 events for 机器人 from 虎嗅
2026-04-29 22:52:18,376 - app.services.scheduler - INFO - Processed 0 events for 机器人 from 财新网
2026-04-29 22:52:18,765 - app.services.scheduler - INFO - Processed 0 events for 机器人 from 第一财经
2026-04-29 22:52:19,096 - app.services.scheduler - INFO - Processed 0 events for 机器人 from 经济观察报
2026-04-29 22:52:19,234 - app.services.scheduler - INFO - Processed 0 events for 机器人 from 澎湃新闻
2026-04-29 22:52:20,453 - app.services.scheduler - INFO - Processed 0 events for 机器人 from arXiv
2026-04-29 22:52:50,487 - app.services.scheduler - INFO - Processed 0 events for 机器人 from Google Scholar
2026-04-29 22:52:51,289 - app.services.scheduler - INFO - Processed 0 events for 机器人 from 中国知网
2026-04-29 22:53:06,727 - app.services.scheduler - INFO - Processed 0 events for 机器人 from Twitter/X
2026-04-29 22:53:07,114 - app.services.scheduler - INFO - Processed 0 events for 机器人 from 微信公众号
2026-04-29 22:53:07,580 - app.services.scheduler - INFO - Processed 0 events for 机器人 from 国家统计局
2026-04-29 22:53:07,852 - app.services.scheduler - INFO - Processed 0 events for 机器人 from 天眼查
2026-04-29 22:53:08,292 - app.services.scheduler - INFO - Processed 0 events for 机器人 from 东方财富
2026-04-29 22:53:08,292 - app.services.scheduler - ERROR - Error crawling 生物医药/工信部官网: No module named 'bs4'
2026-04-29 22:53:08,293 - app.services.scheduler - ERROR - Error crawling 生物医药/国家发改委: No module named 'bs4'
2026-04-29 22:53:08,293 - app.services.scheduler - ERROR - Error crawling 生物医药/证监会披露: No module named 'bs4'
2026-04-29 22:53:08,463 - app.services.scheduler - INFO - Processed 0 events for 生物医药 from 36Kr
2026-04-29 22:53:08,694 - app.services.scheduler - INFO - Processed 0 events for 生物医药 from 虎嗅
2026-04-29 22:53:08,778 - app.services.scheduler - INFO - Processed 0 events for 生物医药 from 财新网
2026-04-29 22:53:09,125 - app.services.scheduler - INFO - Processed 0 events for 生物医药 from 第一财经
2026-04-29 22:53:09,414 - app.services.scheduler - INFO - Processed 0 events for 生物医药 from 经济观察报
2026-04-29 22:53:09,587 - app.services.scheduler - INFO - Processed 0 events for 生物医药 from 澎湃新闻
2026-04-29 22:53:09,965 - app.services.scheduler - INFO - Processed 0 events for 生物医药 from arXiv
2026-04-29 22:53:39,999 - app.services.scheduler - INFO - Processed 0 events for 生物医药 from Google Scholar
2026-04-29 22:53:40,446 - app.services.scheduler - INFO - Processed 0 events for 生物医药 from 中国知网
2026-04-29 22:54:10,670 - app.services.scheduler - INFO - Processed 0 events for 生物医药 from Twitter/X
2026-04-29 22:54:10,990 - app.services.scheduler - INFO - Processed 0 events for 生物医药 from 微信公众号
2026-04-29 22:54:11,321 - app.services.scheduler - INFO - Processed 0 events for 生物医药 from 国家统计局
2026-04-29 22:54:11,575 - app.services.scheduler - INFO - Processed 0 events for 生物医药 from 天眼查
2026-04-29 22:54:12,007 - app.services.scheduler - INFO - Processed 0 events for 生物医药 from 东方财富
